Arguments: 
  /usr/bin/node /usr/share/yarn/bin/yarn.js add express express-graphql grapqhl

PATH: 
  /usr/local/sbin:/usr/local/bin:/usr/sbin:/usr/bin:/sbin:/bin:/usr/games:/usr/local/games:/snap/bin

Yarn version: 
  1.19.2

Node version: 
  10.15.2

Platform: 
  linux x64

Trace: 
  Error: https://registry.yarnpkg.com/grapqhl: Not found
      at Request.params.callback [as _callback] (/usr/share/yarn/lib/cli.js:66927:18)
      at Request.self.callback (/usr/share/yarn/lib/cli.js:140586:22)
      at Request.emit (events.js:189:13)
      at Request.<anonymous> (/usr/share/yarn/lib/cli.js:141558:10)
      at Request.emit (events.js:189:13)
      at IncomingMessage.<anonymous> (/usr/share/yarn/lib/cli.js:141480:12)
      at Object.onceWrapper (events.js:277:13)
      at IncomingMessage.emit (events.js:194:15)
      at endReadableNT (_stream_readable.js:1103:12)
      at process._tickCallback (internal/process/next_tick.js:63:19)

npm manifest: 
  {
    "name": "graph-mongo",
    "version": "1.0.0",
    "description": "graphql mongo",
    "main": "app.js",
    "license": "MIT"
  }

yarn manifest: 
  No manifest

Lockfile: 
  No lockfile
